PLINK v1.90b5.2 64-bit (9 Jan 2018)
Options in effect:
  --allow-no-sex
  --bfile /fs0/straubp/iMega/final_qced_set/12182018_biallelic_mega_batches1-15.chr1-22.grid.EU
  --score /data/taor2/page3b_preliminary_20190328/step2_HDL.txt sum

Hostname: vgi01.vampire
Working directory: /gpfs23/data/taor2/page3b_preliminary_20190328/step3_EU_HDL
Start time: Thu Mar 28 21:59:07 2019

Random number seed: 1553828347
1031768 MB RAM detected; reserving 515884 MB for main workspace.
Allocated 290184 MB successfully, after larger attempt(s) failed.
5550392 variants loaded from .bim file.
50115 people (0 males, 0 females, 50115 ambiguous) loaded from .fam.
Ambiguous sex IDs written to plink.nosex .
50115 phenotype values loaded from .fam.
Using 1 thread (no multithreaded calculations invoked).
Before main variant filters, 50115 founders and 0 nonfounders present.
Calculating allele frequencies... done.
Total genotyping rate is 0.996863.
5550392 variants and 50115 people pass filters and QC.
Phenotype data is quantitative.
Warning: 67 lines skipped in --score file (67 due to variant ID mismatch, 0 due
to allele code mismatch); see plink.nopred for details.
--score: 124 valid predictors loaded.
--score: Results written to plink.profile .

End time: Thu Mar 28 22:02:11 2019
